current directory: /Users/dsondak/dsondak.github.io/.vendor/bundle/gems/eventmachine-1.2.7/ext/fastfilereader
/usr/local/opt/ruby/bin/ruby -r ./siteconf20190528-39386-i1k67t.rb extconf.rb
creating Makefile

current directory: /Users/dsondak/dsondak.github.io/.vendor/bundle/gems/eventmachine-1.2.7/ext/fastfilereader
make "DESTDIR=" clean

current directory: /Users/dsondak/dsondak.github.io/.vendor/bundle/gems/eventmachine-1.2.7/ext/fastfilereader
make "DESTDIR="
compiling mapper.cpp
compiling rubymain.cpp
In file included from rubymain.cpp:25:
In file included from /usr/local/Cellar/ruby/2.6.3/include/ruby-2.6.0/ruby.h:33:
In file included from /usr/local/Cellar/ruby/2.6.3/include/ruby-2.6.0/ruby/ruby.h:2111:
/usr/local/Cellar/ruby/2.6.3/include/ruby-2.6.0/ruby/intern.h:56:19: warning: 'register' storage class specifier is deprecated and incompatible with C++17 [-Wdeprecated-register]
void rb_mem_clear(register VALUE*, register long);
                  ^~~~~~~~~
/usr/local/Cellar/ruby/2.6.3/include/ruby-2.6.0/ruby/intern.h:56:36: warning: 'register' storage class specifier is deprecated and incompatible with C++17 [-Wdeprecated-register]
void rb_mem_clear(register VALUE*, register long);
                                   ^~~~~~~~~
2 warnings generated.
linking shared-object fastfilereaderext.bundle
ld: warning: URGENT: building for OSX, but linking against dylib (/usr/lib/libc++.dylib) built for (unknown). Note: This will be an error in the future.
ld: warning: URGENT: building for OSX, but linking against dylib (/usr/lib/libSystem.dylib) built for (unknown). Note: This will be an error in the future.

current directory: /Users/dsondak/dsondak.github.io/.vendor/bundle/gems/eventmachine-1.2.7/ext/fastfilereader
make "DESTDIR=" install
/usr/bin/install -c -m 0755 fastfilereaderext.bundle ./.gem.20190528-39386-1r3t0kq
